# JRE version: OpenJDK Runtime Environment Temurin-21.0.6+7 (21.0.6+7) (build 21.0.6+7-LTS)
# Java VM: OpenJDK 64-Bit Server VM Temurin-21.0.6+7 (21.0.6+7-LTS, mixed mode, sharing, tiered, compressed oops, compressed class ptrs, parallel gc, windows-amd64)
GC Precious Log:
 CardTable entry size: 512
 CPUs: 8 total, 8 available
 Memory: 8050M
 Large Page Support: Disabled
 NUMA Support: Disabled
 Compressed Oops: Enabled (32-bit)
 Alignments: Space 512K, Generation 512K, Heap 2M
 Heap Min Capacity: 100M
 Heap Initial Capacity: 100M
 Heap Max Capacity: 1G
 Pre-touch: Disabled
 Parallel Workers: 8
Heap:
 PSYoungGen      total 10240K, used 10176K [0x00000000eab00000, 0x00000000eb700000, 0x0000000100000000)
  eden space 9216K, 100% used [0x00000000eab00000,0x00000000eb400000,0x00000000eb400000)
  from space 1024K, 93% used [0x00000000eb400000,0x00000000eb4f0020,0x00000000eb500000)
  to   space 1536K, 0% used [0x00000000eb580000,0x00000000eb580000,0x00000000eb700000)
 ParOldGen       total 698368K, used 698233K [0x00000000c0000000, 0x00000000eaa00000, 0x00000000eab00000)
  object space 698368K, 99% used [0x00000000c0000000,0x00000000ea9de520,0x00000000eaa00000)
 Metaspace       used 91420K, committed 93440K, reserved 1179648K
  class space    used 8898K, committed 9856K, reserved 1048576K
GC Heap History (20 events):
Event: 15196.003 GC heap after
{Heap after GC invocations=4567 (full 16):
 PSYoungGen      total 11264K, used 1024K [0x00000000eab00000, 0x00000000eb800000, 0x0000000100000000)
  eden space 9728K, 0% used [0x00000000eab00000,0x00000000eab00000,0x00000000eb480000)
  from space 1536K, 66% used [0x00000000eb680000,0x00000000eb780040,0x00000000eb800000)
  to   space 1536K, 0% used [0x00000000eb480000,0x00000000eb480000,0x00000000eb600000)
 ParOldGen       total 688128K, used 688118K [0x00000000c0000000, 0x00000000ea000000, 0x00000000eab00000)
  object space 688128K, 99% used [0x00000000c0000000,0x00000000e9ffdbf0,0x00000000ea000000)
 Metaspace       used 91420K, committed 93440K, reserved 1179648K
  class space    used 8898K, committed 9856K, reserved 1048576K
}
Event: 15197.557 GC heap before
{Heap before GC invocations=4568 (full 16):
 PSYoungGen      total 11264K, used 10752K [0x00000000eab00000, 0x00000000eb800000, 0x0000000100000000)
  eden space 9728K, 100% used [0x00000000eab00000,0x00000000eb480000,0x00000000eb480000)
  from space 1536K, 66% used [0x00000000eb680000,0x00000000eb780040,0x00000000eb800000)
  to   space 1536K, 0% used [0x00000000eb480000,0x00000000eb480000,0x00000000eb600000)
 ParOldGen       total 688128K, used 688118K [0x00000000c0000000, 0x00000000ea000000, 0x00000000eab00000)
  object space 688128K, 99% used [0x00000000c0000000,0x00000000e9ffdbf0,0x00000000ea000000)
 Metaspace       used 91420K, committed 93440K, reserved 1179648K
  class space    used 8898K, committed 9856K, reserved 1048576K
}
Event: 15197.563 GC heap after
{Heap after GC invocations=4568 (full 16):
 PSYoungGen      total 11264K, used 1508K [0x00000000eab00000, 0x00000000eba80000, 0x0000000100000000)
  eden space 9728K, 0% used [0x00000000eab00000,0x00000000eab00000,0x00000000eb480000)
  from space 1536K, 98% used [0x00000000eb480000,0x00000000eb5f9210,0x00000000eb600000)
  to   space 3072K, 0% used [0x00000000eb780000,0x00000000eb780000,0x00000000eba80000)
 ParOldGen       total 689152K, used 689125K [0x00000000c0000000, 0x00000000ea100000, 0x00000000eab00000)
  object space 689152K, 99% used [0x00000000c0000000,0x00000000ea0f97d0,0x00000000ea100000)
 Metaspace       used 91420K, committed 93440K, reserved 1179648K
  class space    used 8898K, committed 9856K, reserved 1048576K
}
Event: 15197.575 GC heap before
{Heap before GC invocations=4569 (full 16):
 PSYoungGen      total 11264K, used 11236K [0x00000000eab00000, 0x00000000eba80000, 0x0000000100000000)
  eden space 9728K, 100% used [0x00000000eab00000,0x00000000eb480000,0x00000000eb480000)
  from space 1536K, 98% used [0x00000000eb480000,0x00000000eb5f9210,0x00000000eb600000)
  to   space 3072K, 0% used [0x00000000eb780000,0x00000000eb780000,0x00000000eba80000)
 ParOldGen       total 689152K, used 689125K [0x00000000c0000000, 0x00000000ea100000, 0x00000000eab00000)
  object space 689152K, 99% used [0x00000000c0000000,0x00000000ea0f97d0,0x00000000ea100000)
 Metaspace       used 91420K, committed 93440K, reserved 1179648K
  class space    used 8898K, committed 9856K, reserved 1048576K
}
Event: 15197.578 GC heap after
{Heap after GC invocations=4569 (full 16):
 PSYoungGen      total 10752K, used 928K [0x00000000eab00000, 0x00000000eb880000, 0x0000000100000000)
  eden space 9728K, 0% used [0x00000000eab00000,0x00000000eab00000,0x00000000eb480000)
  from space 1024K, 90% used [0x00000000eb780000,0x00000000eb868020,0x00000000eb880000)
  to   space 1536K, 0% used [0x00000000eb580000,0x00000000eb580000,0x00000000eb700000)
 ParOldGen       total 690688K, used 690574K [0x00000000c0000000, 0x00000000ea280000, 0x00000000eab00000)
  object space 690688K, 99% used [0x00000000c0000000,0x00000000ea263a10,0x00000000ea280000)
 Metaspace       used 91420K, committed 93440K, reserved 1179648K
  class space    used 8898K, committed 9856K, reserved 1048576K
}
Event: 15197.644 GC heap before
{Heap before GC invocations=4570 (full 16):
 PSYoungGen      total 10752K, used 10656K [0x00000000eab00000, 0x00000000eb880000, 0x0000000100000000)
  eden space 9728K, 100% used [0x00000000eab00000,0x00000000eb480000,0x00000000eb480000)
  from space 1024K, 90% used [0x00000000eb780000,0x00000000eb868020,0x00000000eb880000)
  to   space 1536K, 0% used [0x00000000eb580000,0x00000000eb580000,0x00000000eb700000)
 ParOldGen       total 690688K, used 690574K [0x00000000c0000000, 0x00000000ea280000, 0x00000000eab00000)
  object space 690688K, 99% used [0x00000000c0000000,0x00000000ea263a10,0x00000000ea280000)
 Metaspace       used 91420K, committed 93440K, reserved 1179648K
  class space    used 8898K, committed 9856K, reserved 1048576K
}
Event: 15197.652 GC heap after
{Heap after GC invocations=4570 (full 16):
 PSYoungGen      total 11264K, used 1439K [0x00000000eab00000, 0x00000000eb880000, 0x0000000100000000)
  eden space 9728K, 0% used [0x00000000eab00000,0x00000000eab00000,0x00000000eb480000)
  from space 1536K, 93% used [0x00000000eb580000,0x00000000eb6e7e60,0x00000000eb700000)
  to   space 1536K, 0% used [0x00000000eb700000,0x00000000eb700000,0x00000000eb880000)
 ParOldGen       total 691712K, used 691354K [0x00000000c0000000, 0x00000000ea380000, 0x00000000eab00000)
  object space 691712K, 99% used [0x00000000c0000000,0x00000000ea326a60,0x00000000ea380000)
 Metaspace       used 91420K, committed 93440K, reserved 1179648K
  class space    used 8898K, committed 9856K, reserved 1048576K
}
Event: 15197.683 GC heap before
{Heap before GC invocations=4571 (full 16):
 PSYoungGen      total 11264K, used 11167K [0x00000000eab00000, 0x00000000eb880000, 0x0000000100000000)
  eden space 9728K, 100% used [0x00000000eab00000,0x00000000eb480000,0x00000000eb480000)
  from space 1536K, 93% used [0x00000000eb580000,0x00000000eb6e7e60,0x00000000eb700000)
  to   space 1536K, 0% used [0x00000000eb700000,0x00000000eb700000,0x00000000eb880000)
 ParOldGen       total 691712K, used 691354K [0x00000000c0000000, 0x00000000ea380000, 0x00000000eab00000)
  object space 691712K, 99% used [0x00000000c0000000,0x00000000ea326a60,0x00000000ea380000)
 Metaspace       used 91420K, committed 93440K, reserved 1179648K
  class space    used 8898K, committed 9856K, reserved 1048576K
}
Event: 15197.686 GC heap after
{Heap after GC invocations=4571 (full 16):
 PSYoungGen      total 11264K, used 1120K [0x00000000eab00000, 0x00000000eb880000, 0x0000000100000000)
  eden space 9728K, 0% used [0x00000000eab00000,0x00000000eab00000,0x00000000eb480000)
  from space 1536K, 72% used [0x00000000eb700000,0x00000000eb818000,0x00000000eb880000)
  to   space 1536K, 0% used [0x00000000eb580000,0x00000000eb580000,0x00000000eb700000)
 ParOldGen       total 692736K, used 692676K [0x00000000c0000000, 0x00000000ea480000, 0x00000000eab00000)
  object space 692736K, 99% used [0x00000000c0000000,0x00000000ea471170,0x00000000ea480000)
 Metaspace       used 91420K, committed 93440K, reserved 1179648K
  class space    used 8898K, committed 9856K, reserved 1048576K
}
Event: 15197.704 GC heap before
{Heap before GC invocations=4572 (full 16):
 PSYoungGen      total 11264K, used 10848K [0x00000000eab00000, 0x00000000eb880000, 0x0000000100000000)
  eden space 9728K, 100% used [0x00000000eab00000,0x00000000eb480000,0x00000000eb480000)
  from space 1536K, 72% used [0x00000000eb700000,0x00000000eb818000,0x00000000eb880000)
  to   space 1536K, 0% used [0x00000000eb580000,0x00000000eb580000,0x00000000eb700000)
 ParOldGen       total 692736K, used 692676K [0x00000000c0000000, 0x00000000ea480000, 0x00000000eab00000)
  object space 692736K, 99% used [0x00000000c0000000,0x00000000ea471170,0x00000000ea480000)
 Metaspace       used 91420K, committed 93440K, reserved 1179648K
  class space    used 8898K, committed 9856K, reserved 1048576K
}
Event: 15197.707 GC heap after
{Heap after GC invocations=4572 (full 16):
 PSYoungGen      total 11264K, used 1402K [0x00000000eab00000, 0x00000000eb780000, 0x0000000100000000)
  eden space 9728K, 0% used [0x00000000eab00000,0x00000000eab00000,0x00000000eb480000)
  from space 1536K, 91% used [0x00000000eb580000,0x00000000eb6deaf8,0x00000000eb700000)
  to   space 512K, 0% used [0x00000000eb700000,0x00000000eb700000,0x00000000eb780000)
 ParOldGen       total 693760K, used 693612K [0x00000000c0000000, 0x00000000ea580000, 0x00000000eab00000)
  object space 693760K, 99% used [0x00000000c0000000,0x00000000ea55b1e0,0x00000000ea580000)
 Metaspace       used 91420K, committed 93440K, reserved 1179648K
  class space    used 8898K, committed 9856K, reserved 1048576K
}
Event: 15198.296 GC heap before
{Heap before GC invocations=4573 (full 16):
 PSYoungGen      total 11264K, used 11130K [0x00000000eab00000, 0x00000000eb780000, 0x0000000100000000)
  eden space 9728K, 100% used [0x00000000eab00000,0x00000000eb480000,0x00000000eb480000)
  from space 1536K, 91% used [0x00000000eb580000,0x00000000eb6deaf8,0x00000000eb700000)
  to   space 512K, 0% used [0x00000000eb700000,0x00000000eb700000,0x00000000eb780000)
 ParOldGen       total 693760K, used 693612K [0x00000000c0000000, 0x00000000ea580000, 0x00000000eab00000)
  object space 693760K, 99% used [0x00000000c0000000,0x00000000ea55b1e0,0x00000000ea580000)
 Metaspace       used 91420K, committed 93440K, reserved 1179648K
  class space    used 8898K, committed 9856K, reserved 1048576K
}
Event: 15198.299 GC heap after
{Heap after GC invocations=4573 (full 16):
 PSYoungGen      total 9728K, used 512K [0x00000000eab00000, 0x00000000eba80000, 0x0000000100000000)
  eden space 9216K, 0% used [0x00000000eab00000,0x00000000eab00000,0x00000000eb400000)
  from space 512K, 100% used [0x00000000eb700000,0x00000000eb780000,0x00000000eb780000)
  to   space 3072K, 0% used [0x00000000eb400000,0x00000000eb400000,0x00000000eb700000)
 ParOldGen       total 695808K, used 695487K [0x00000000c0000000, 0x00000000ea780000, 0x00000000eab00000)
  object space 695808K, 99% used [0x00000000c0000000,0x00000000ea72fca0,0x00000000ea780000)
 Metaspace       used 91420K, committed 93440K, reserved 1179648K
  class space    used 8898K, committed 9856K, reserved 1048576K
}
Event: 15198.306 GC heap before
{Heap before GC invocations=4574 (full 16):
 PSYoungGen      total 9728K, used 9728K [0x00000000eab00000, 0x00000000eba80000, 0x0000000100000000)
  eden space 9216K, 100% used [0x00000000eab00000,0x00000000eb400000,0x00000000eb400000)
  from space 512K, 100% used [0x00000000eb700000,0x00000000eb780000,0x00000000eb780000)
  to   space 3072K, 0% used [0x00000000eb400000,0x00000000eb400000,0x00000000eb700000)
 ParOldGen       total 695808K, used 695487K [0x00000000c0000000, 0x00000000ea780000, 0x00000000eab00000)
  object space 695808K, 99% used [0x00000000c0000000,0x00000000ea72fca0,0x00000000ea780000)
 Metaspace       used 91420K, committed 93440K, reserved 1179648K
  class space    used 8898K, committed 9856K, reserved 1048576K
}
Event: 15198.308 GC heap after
{Heap after GC invocations=4574 (full 16):
 PSYoungGen      total 10752K, used 1056K [0x00000000eab00000, 0x00000000eb800000, 0x0000000100000000)
  eden space 9216K, 0% used [0x00000000eab00000,0x00000000eab00000,0x00000000eb400000)
  from space 1536K, 68% used [0x00000000eb400000,0x00000000eb508040,0x00000000eb580000)
  to   space 2048K, 0% used [0x00000000eb600000,0x00000000eb600000,0x00000000eb800000)
 ParOldGen       total 696320K, used 696007K [0x00000000c0000000, 0x00000000ea800000, 0x00000000eab00000)
  object space 696320K, 99% used [0x00000000c0000000,0x00000000ea7b1dc0,0x00000000ea800000)
 Metaspace       used 91420K, committed 93440K, reserved 1179648K
  class space    used 8898K, committed 9856K, reserved 1048576K
}
Event: 15198.382 GC heap before
{Heap before GC invocations=4575 (full 16):
 PSYoungGen      total 10752K, used 10272K [0x00000000eab00000, 0x00000000eb800000, 0x0000000100000000)
  eden space 9216K, 100% used [0x00000000eab00000,0x00000000eb400000,0x00000000eb400000)
  from space 1536K, 68% used [0x00000000eb400000,0x00000000eb508040,0x00000000eb580000)
  to   space 2048K, 0% used [0x00000000eb600000,0x00000000eb600000,0x00000000eb800000)
 ParOldGen       total 696320K, used 696007K [0x00000000c0000000, 0x00000000ea800000, 0x00000000eab00000)
  object space 696320K, 99% used [0x00000000c0000000,0x00000000ea7b1dc0,0x00000000ea800000)
 Metaspace       used 91420K, committed 93440K, reserved 1179648K
  class space    used 8898K, committed 9856K, reserved 1048576K
}
Event: 15198.384 GC heap after
{Heap after GC invocations=4575 (full 16):
 PSYoungGen      total 11264K, used 1508K [0x00000000eab00000, 0x00000000eb800000, 0x0000000100000000)
  eden space 9216K, 0% used [0x00000000eab00000,0x00000000eab00000,0x00000000eb400000)
  from space 2048K, 73% used [0x00000000eb600000,0x00000000eb779210,0x00000000eb800000)
  to   space 2048K, 0% used [0x00000000eb400000,0x00000000eb400000,0x00000000eb600000)
 ParOldGen       total 697344K, used 696902K [0x00000000c0000000, 0x00000000ea900000, 0x00000000eab00000)
  object space 697344K, 99% used [0x00000000c0000000,0x00000000ea8919a0,0x00000000ea900000)
 Metaspace       used 91420K, committed 93440K, reserved 1179648K
  class space    used 8898K, committed 9856K, reserved 1048576K
}
Event: 15198.394 GC heap before
{Heap before GC invocations=4576 (full 16):
 PSYoungGen      total 11264K, used 10724K [0x00000000eab00000, 0x00000000eb800000, 0x0000000100000000)
  eden space 9216K, 100% used [0x00000000eab00000,0x00000000eb400000,0x00000000eb400000)
  from space 2048K, 73% used [0x00000000eb600000,0x00000000eb779210,0x00000000eb800000)
  to   space 2048K, 0% used [0x00000000eb400000,0x00000000eb400000,0x00000000eb600000)
 ParOldGen       total 697344K, used 696902K [0x00000000c0000000, 0x00000000ea900000, 0x00000000eab00000)
  object space 697344K, 99% used [0x00000000c0000000,0x00000000ea8919a0,0x00000000ea900000)
 Metaspace       used 91420K, committed 93440K, reserved 1179648K
  class space    used 8898K, committed 9856K, reserved 1048576K
}
Event: 15198.397 GC heap after
{Heap after GC invocations=4576 (full 16):
 PSYoungGen      total 10240K, used 960K [0x00000000eab00000, 0x00000000eb700000, 0x0000000100000000)
  eden space 9216K, 0% used [0x00000000eab00000,0x00000000eab00000,0x00000000eb400000)
  from space 1024K, 93% used [0x00000000eb400000,0x00000000eb4f0020,0x00000000eb500000)
  to   space 1536K, 0% used [0x00000000eb580000,0x00000000eb580000,0x00000000eb700000)
 ParOldGen       total 698368K, used 698233K [0x00000000c0000000, 0x00000000eaa00000, 0x00000000eab00000)
  object space 698368K, 99% used [0x00000000c0000000,0x00000000ea9de520,0x00000000eaa00000)
 Metaspace       used 91420K, committed 93440K, reserved 1179648K
  class space    used 8898K, committed 9856K, reserved 1048576K
}
Event: 15198.410 GC heap before
{Heap before GC invocations=4577 (full 17):
 PSYoungGen      total 10240K, used 10176K [0x00000000eab00000, 0x00000000eb700000, 0x0000000100000000)
  eden space 9216K, 100% used [0x00000000eab00000,0x00000000eb400000,0x00000000eb400000)
  from space 1024K, 93% used [0x00000000eb400000,0x00000000eb4f0020,0x00000000eb500000)
  to   space 1536K, 0% used [0x00000000eb580000,0x00000000eb580000,0x00000000eb700000)
 ParOldGen       total 698368K, used 698233K [0x00000000c0000000, 0x00000000eaa00000, 0x00000000eab00000)
  object space 698368K, 99% used [0x00000000c0000000,0x00000000ea9de520,0x00000000eaa00000)
 Metaspace       used 91420K, committed 93440K, reserved 1179648K
  class space    used 8898K, committed 9856K, reserved 1048576K
}

